0 info it worked if it ends with ok
1 verbose cli [ 'node',
1 verbose cli   '/usr/local/bin/npm',
1 verbose cli   'install',
1 verbose cli   'org.apache.cordova.splashscreen' ]
2 info using npm@1.3.11
3 info using node@v0.10.21
4 verbose cache add [ 'org.apache.cordova.splashscreen', null ]
5 verbose cache add name=undefined spec="org.apache.cordova.splashscreen" args=["org.apache.cordova.splashscreen",null]
6 verbose parsed url { protocol: null,
6 verbose parsed url   slashes: null,
6 verbose parsed url   auth: null,
6 verbose parsed url   host: null,
6 verbose parsed url   port: null,
6 verbose parsed url   hostname: null,
6 verbose parsed url   hash: null,
6 verbose parsed url   search: null,
6 verbose parsed url   query: null,
6 verbose parsed url   pathname: 'org.apache.cordova.splashscreen',
6 verbose parsed url   path: 'org.apache.cordova.splashscreen',
6 verbose parsed url   href: 'org.apache.cordova.splashscreen' }
7 silly lockFile aafc6113-org-apache-cordova-splashscreen org.apache.cordova.splashscreen
8 verbose lock org.apache.cordova.splashscreen /Users/rodolfo_godinez/.npm/aafc6113-org-apache-cordova-splashscreen.lock
9 silly lockFile aafc6113-org-apache-cordova-splashscreen org.apache.cordova.splashscreen
10 silly lockFile aafc6113-org-apache-cordova-splashscreen org.apache.cordova.splashscreen
11 verbose addNamed [ 'org.apache.cordova.splashscreen', '' ]
12 verbose addNamed [ null, '*' ]
13 silly lockFile 7bd51efc-org-apache-cordova-splashscreen org.apache.cordova.splashscreen@
14 verbose lock org.apache.cordova.splashscreen@ /Users/rodolfo_godinez/.npm/7bd51efc-org-apache-cordova-splashscreen.lock
15 silly addNameRange { name: 'org.apache.cordova.splashscreen',
15 silly addNameRange   range: '*',
15 silly addNameRange   hasData: false }
16 verbose url raw org.apache.cordova.splashscreen
17 verbose url resolving [ 'https://registry.npmjs.org/',
17 verbose url resolving   './org.apache.cordova.splashscreen' ]
18 verbose url resolved https://registry.npmjs.org/org.apache.cordova.splashscreen
19 info trying registry request attempt 1 at 08:45:03
20 http GET https://registry.npmjs.org/org.apache.cordova.splashscreen
21 http 404 https://registry.npmjs.org/org.apache.cordova.splashscreen
22 silly registry.get cb [ 404,
22 silly registry.get   { date: 'Wed, 30 Apr 2014 15:45:04 GMT',
22 silly registry.get     server: 'CouchDB/1.5.0 (Erlang OTP/R14B04)',
22 silly registry.get     'content-type': 'application/json',
22 silly registry.get     'cache-control': 'max-age=0',
22 silly registry.get     'content-length': '52',
22 silly registry.get     'accept-ranges': 'bytes',
22 silly registry.get     via: '1.1 varnish',
22 silly registry.get     age: '0',
22 silly registry.get     'x-served-by': 'cache-v43-ASH',
22 silly registry.get     'x-cache': 'MISS',
22 silly registry.get     'x-cache-hits': '0',
22 silly registry.get     'x-timer': 'S1398872704.339220285,VS0,VE101',
22 silly registry.get     'keep-alive': 'timeout=10, max=50',
22 silly registry.get     connection: 'Keep-Alive' } ]
23 silly lockFile 7bd51efc-org-apache-cordova-splashscreen org.apache.cordova.splashscreen@
24 silly lockFile 7bd51efc-org-apache-cordova-splashscreen org.apache.cordova.splashscreen@
25 error 404 'org.apache.cordova.splashscreen' is not in the npm registry.
25 error 404 You should bug the author to publish it
25 error 404
25 error 404 Note that you can also install from a
25 error 404 tarball, folder, or http url, or git url.
26 error System Darwin 13.1.0
27 error command "node" "/usr/local/bin/npm" "install" "org.apache.cordova.splashscreen"
28 error cwd /Users/rodolfo_godinez/Documents/VBGAppDevelopment/Vani/StoryTrails/platforms
29 error node -v v0.10.21
30 error npm -v 1.3.11
31 error code E404
32 verbose exit [ 1, true ]
